<html>
<head>
<title>TestNG:  AllTests</title>
<link href="../testng.css" rel="stylesheet" type="text/css" />
<link href="../my-testng.css" rel="stylesheet" type="text/css" />

<style type="text/css">
.log { display: none;} 
.stack-trace { display: none;} 
</style>
<script type="text/javascript">
<!--
function flip(e) {
  current = e.style.display;
  if (current == 'block') {
    e.style.display = 'none';
    return 0;
  }
  else {
    e.style.display = 'block';
    return 1;
  }
}

function toggleBox(szDivId, elem, msg1, msg2)
{
  var res = -1;  if (document.getElementById) {
    res = flip(document.getElementById(szDivId));
  }
  else if (document.all) {
    // this is the way old msie versions work
    res = flip(document.all[szDivId]);
  }
  if(elem) {
    if(res == 0) elem.innerHTML = msg1; else elem.innerHTML = msg2;
  }

}

function toggleAllBoxes() {
  if (document.getElementsByTagName) {
    d = document.getElementsByTagName('div');
    for (i = 0; i < d.length; i++) {
      if (d[i].className == 'log') {
        flip(d[i]);
      }
    }
  }
}

// -->
</script>

</head>
<body>
<h2 align='center'>AllTests</h2><table border='1' align="center">
<tr>
<td>Tests passed/Failed/Skipped:</td><td>11/1/0</td>
</tr><tr>
<td>Started on:</td><td>Wed Dec 23 21:52:17 PST 2020</td>
</tr>
<tr><td>Total time:</td><td>82 seconds (82608 ms)</td>
</tr><tr>
<td>Included groups:</td><td></td>
</tr><tr>
<td>Excluded groups:</td><td></td>
</tr>
</table><p/>
<small><i>(Hover the method name to see the test class name)</i></small><p/>
<table width='100%' border='1' class='invocation-failed'>
<tr><td colspan='4' align='center'><b>FAILED TESTS</b></td></tr>
<tr><td><b>Test method</b></td>
<td width="30%"><b>Exception</b></td>
<td width="10%"><b>Time (seconds)</b></td>
<td><b>Instance</b></td>
</tr>
<tr>
<td title='endToEndTests.AddNewUserTest.addNewUserTest()'><b>addNewUserTest</b><br>Test class: endToEndTests.AddNewUserTest<br>Parameters: {No=2.0, Email=quentin@tarantino.com, LoginEmail=administrator@localhost.com, AcountName=Quentin Tarantino, UserGroup=Manager, Language=Hindi, Phone=9.163542158E9, ActiveUser=false, AccountUserName=admin, UserNotify=true, LoginPassword=administrator, Password=Quentin}</td>
<td><div><pre>org.openqa.selenium.TimeoutException: Supplied function might have stalled
Build info: version: &apos;4.0.0-alpha-6&apos;, revision: &apos;5f43a29cfc&apos;
System info: host: &apos;LAPTOP-FAP6QC75&apos;, ip: &apos;192.168.99.1&apos;, os.name: &apos;Windows 10&apos;, os.arch: &apos;amd64&apos;, os.version: &apos;10.0&apos;, java.version: &apos;11.0.7&apos;
Driver info: driver.version: unknown
	at org.openqa.selenium.support.ui.FluentWait.until(FluentWait.java:221)
	at reusableComponents.EngineAction.waitForElementToBeVisibile(EngineAction.java:299)
	at reusableComponents.EngineAction.selectCheckboxByProvidedBooleanValue(EngineAction.java:57)
	at pageObjects.AddUserPageObjects.addNewUser(AddUserPageObjects.java:23)
	at endToEndTests.AddNewUserTest.addNewUserTest(AddNewUserTest.java:25)
	at java.base/java.util.concurrent.ThreadPoolExecutor.runWorker(ThreadPoolExecutor.java:1128)
	at java.base/java.util.concurrent.ThreadPoolExecutor$Worker.run(ThreadPoolExecutor.java:628)
	at java.base/java.lang.Thread.run(Thread.java:834)
Caused by: java.util.concurrent.TimeoutException
	at java.base/java.util.concurrent.CompletableFuture.timedGet(CompletableFuture.java:1886)
	at java.base/java.util.concurrent.CompletableFuture.get(CompletableFuture.java:2021)
	at org.openqa.selenium.support.ui.FluentWait.until(FluentWait.java:208)
	... 19 more
... Removed 12 stack frames</pre></div><a href='#' onClick='toggleBox("stack-trace1436417397", this, "Click to show all stack frames", "Click to hide stack frames")'>Click to show all stack frames</a>
<div class='stack-trace' id='stack-trace1436417397'><pre>org.openqa.selenium.TimeoutException: Supplied function might have stalled
Build info: version: &apos;4.0.0-alpha-6&apos;, revision: &apos;5f43a29cfc&apos;
System info: host: &apos;LAPTOP-FAP6QC75&apos;, ip: &apos;192.168.99.1&apos;, os.name: &apos;Windows 10&apos;, os.arch: &apos;amd64&apos;, os.version: &apos;10.0&apos;, java.version: &apos;11.0.7&apos;
Driver info: driver.version: unknown
	at org.openqa.selenium.support.ui.FluentWait.until(FluentWait.java:221)
	at reusableComponents.EngineAction.waitForElementToBeVisibile(EngineAction.java:299)
	at reusableComponents.EngineAction.selectCheckboxByProvidedBooleanValue(EngineAction.java:57)
	at pageObjects.AddUserPageObjects.addNewUser(AddUserPageObjects.java:23)
	at endToEndTests.AddNewUserTest.addNewUserTest(AddNewUserTest.java:25)
	at java.base/jdk.internal.reflect.NativeMethodAccessorImpl.invoke0(Native Method)
	at java.base/jdk.internal.reflect.NativeMethodAccessorImpl.invoke(NativeMethodAccessorImpl.java:62)
	at java.base/jdk.internal.reflect.DelegatingMethodAccessorImpl.invoke(DelegatingMethodAccessorImpl.java:43)
	at java.base/java.lang.reflect.Method.invoke(Method.java:566)
	at org.testng.internal.MethodInvocationHelper.invokeMethod(MethodInvocationHelper.java:135)
	at org.testng.internal.TestInvoker.invokeMethod(TestInvoker.java:598)
	at org.testng.internal.TestInvoker.invokeTestMethod(TestInvoker.java:174)
	at org.testng.internal.MethodRunner.runInSequence(MethodRunner.java:46)
	at org.testng.internal.TestInvoker$MethodInvocationAgent.invoke(TestInvoker.java:821)
	at org.testng.internal.TestInvoker.invokeTestMethods(TestInvoker.java:147)
	at org.testng.internal.TestMethodWorker.invokeTestMethods(TestMethodWorker.java:146)
	at org.testng.internal.TestMethodWorker.run(TestMethodWorker.java:128)
	at java.base/java.util.concurrent.ThreadPoolExecutor.runWorker(ThreadPoolExecutor.java:1128)
	at java.base/java.util.concurrent.ThreadPoolExecutor$Worker.run(ThreadPoolExecutor.java:628)
	at java.base/java.lang.Thread.run(Thread.java:834)
Caused by: java.util.concurrent.TimeoutException
	at java.base/java.util.concurrent.CompletableFuture.timedGet(CompletableFuture.java:1886)
	at java.base/java.util.concurrent.CompletableFuture.get(CompletableFuture.java:2021)
	at org.openqa.selenium.support.ui.FluentWait.until(FluentWait.java:208)
	... 19 more
</pre></div></td>
<td>15</td>
<td>endToEndTests.AddNewUserTest@696f0212</td></tr>
</table><p>
<table width='100%' border='1' class='invocation-passed'>
<tr><td colspan='4' align='center'><b>PASSED TESTS</b></td></tr>
<tr><td><b>Test method</b></td>
<td width="30%"><b>Exception</b></td>
<td width="10%"><b>Time (seconds)</b></td>
<td><b>Instance</b></td>
</tr>
<tr>
<td title='endToEndTests.AddNewUserTest.addNewUserTest()'><b>addNewUserTest</b><br>Test class: endToEndTests.AddNewUserTest<br>Parameters: {No=1.0, Email=bruce@willis.com, LoginEmail=administrator@localhost.com, AcountName=Bruce Willis, UserGroup=Developer, Language=Italian, Phone=9.156479854E9, ActiveUser=true, AccountUserName=admin, UserNotify=true, LoginPassword=administrator, Password=Bruce}</td>
<td></td>
<td>8</td>
<td>endToEndTests.AddNewUserTest@696f0212</td></tr>
<tr>
<td title='endToEndTests.AddNewUserTest.addNewUserTest()'><b>addNewUserTest</b><br>Test class: endToEndTests.AddNewUserTest<br>Parameters: {No=3.0, Email=john@travolta.com, LoginEmail=administrator@localhost.com, AcountName=John Travolta, UserGroup=Client, Language=Russian, Phone=9.196587412E9, ActiveUser=true, AccountUserName=admin, UserNotify=false, LoginPassword=administrator, Password=John}</td>
<td></td>
<td>4</td>
<td>endToEndTests.AddNewUserTest@696f0212</td></tr>
<tr>
<td title='endToEndTests.AddNewUserTest.addNewUserTest()'><b>addNewUserTest</b><br>Test class: endToEndTests.AddNewUserTest<br>Parameters: {No=4.0, Email=uma@thurman.com, LoginEmail=administrator@localhost.com, AcountName=Uma Thurman, UserGroup=Designer, Language=Korean, Phone=9.156569874E9, ActiveUser=false, AccountUserName=admin, UserNotify=false, LoginPassword=administrator, Password=Uma}</td>
<td></td>
<td>6</td>
<td>endToEndTests.AddNewUserTest@696f0212</td></tr>
<tr>
<td title='endToEndTests.AddNewUserTest.addNewUserTest()'><b>addNewUserTest</b><br>Test class: endToEndTests.AddNewUserTest<br>Parameters: {No=5.0, Email=samuel@jackson.com, LoginEmail=administrator@localhost.com, AcountName=Samuel Jackson, UserGroup=Admin, Language=Arabic, Phone=9.154632221E9, ActiveUser=true, AccountUserName=admin, UserNotify=true, LoginPassword=administrator, Password=Samuel}</td>
<td></td>
<td>4</td>
<td>endToEndTests.AddNewUserTest@696f0212</td></tr>
<tr>
<td title='endToEndTests.NegativeLoginTests.negativeLoginTests()'><b>negativeLoginTests</b><br>Test class: endToEndTests.NegativeLoginTests<br>Parameters: {No=1.0, Type=credentials, Expected message=Error: No match for Email and/or Password, Username=administrator@localhost.com, Password=wrongpassword, info=Corret Username + Wrong Password}</td>
<td></td>
<td>2</td>
<td>endToEndTests.NegativeLoginTests@b7838a9</td></tr>
<tr>
<td title='endToEndTests.NegativeLoginTests.negativeLoginTests()'><b>negativeLoginTests</b><br>Test class: endToEndTests.NegativeLoginTests<br>Parameters: {No=2.0, Type=credentials, Expected message=Error: No match for Email and/or Password, Username=wrong@username.com, Password=administrator, info=Wrong Username + Correct Password}</td>
<td></td>
<td>3</td>
<td>endToEndTests.NegativeLoginTests@b7838a9</td></tr>
<tr>
<td title='endToEndTests.NegativeLoginTests.negativeLoginTests()'><b>negativeLoginTests</b><br>Test class: endToEndTests.NegativeLoginTests<br>Parameters: {No=3.0, Type=credentials, Expected message=Error: No match for Email and/or Password, Username=wrong@username.com, Password=wrongpassword, info=Wrong Username + Wrong Password}</td>
<td></td>
<td>3</td>
<td>endToEndTests.NegativeLoginTests@b7838a9</td></tr>
<tr>
<td title='endToEndTests.NegativeLoginTests.negativeLoginTests()'><b>negativeLoginTests</b><br>Test class: endToEndTests.NegativeLoginTests<br>Parameters: {No=4.0, Type=fieldRequired, Expected message=This field is required!, Username=, Password=administrator, info=Blank Username + Correct Password}</td>
<td></td>
<td>0</td>
<td>endToEndTests.NegativeLoginTests@b7838a9</td></tr>
<tr>
<td title='endToEndTests.NegativeLoginTests.negativeLoginTests()'><b>negativeLoginTests</b><br>Test class: endToEndTests.NegativeLoginTests<br>Parameters: {No=5.0, Type=fieldRequired, Expected message=This field is required!, Username=administrator@localhost.com, Password=, info=Correct Username + Blank Password}</td>
<td></td>
<td>0</td>
<td>endToEndTests.NegativeLoginTests@b7838a9</td></tr>
<tr>
<td title='endToEndTests.TaskCreationTest.taskCreationTest()'><b>taskCreationTest</b><br>Test class: endToEndTests.TaskCreationTest<br>Parameters: {UserName=administrator@localhost.com, TaskPriority=Medum, AssignTo=Manager, Sr No=1.0, Label=Task, AttachmentFilePath=G:\1. My Cources\Test Case.docx, ProjectToCreateTaskUnder=Test Project 1, TaskStatus=Open, EndDate=29-Sep-2020, Test Case Name=Test Project 1, StartDate=28-Sep-2020, TaskName=dev1, FullName=admin, TaskType=Change Priority Rate (Hourly rate $25.00), Password=administrator, CurrentProgress=0.05}</td>
<td></td>
<td>29</td>
<td>endToEndTests.TaskCreationTest@4e70a728</td></tr>
<tr>
<td title='endToEndTests.TaskCreationTest.taskCreationTest()'><b>taskCreationTest</b><br>Test class: endToEndTests.TaskCreationTest<br>Parameters: {UserName=developer@localhost.com, TaskPriority=Urgent, AssignTo=Developer, Sr No=2.0, Label=Bug, AttachmentFilePath=G:\1. My Cources\Test Case.docx, ProjectToCreateTaskUnder=Test Project 2, TaskStatus=Re-opened, EndDate=30-Sep-2020, Test Case Name=Test Project 2, StartDate=28-Sep-2020, TaskName=dev2, FullName=developer, TaskType=Defects (Hourly rate $0.00), Password=developer, CurrentProgress=0.95}</td>
<td></td>
<td>8</td>
<td>endToEndTests.TaskCreationTest@4e70a728</td></tr>
</table><p>
</body>
</html>