<?xml version="1.0" encoding="UTF-8"?>
<!-- Generated by org.testng.reporters.JUnitXMLReporter -->
<testsuite ignored="0" hostname="LAPTOP-FAP6QC75" failures="1" tests="12" name="AllTests" time="82.608" errors="0" timestamp="2020-12-23T21:53:40 PST">
  <testcase classname="endToEndTests.NegativeLoginTests" name="negativeLoginTests" time="2.206"/>
  <testcase classname="endToEndTests.AddNewUserTest" name="addNewUserTest" time="8.008"/>
  <testcase classname="endToEndTests.NegativeLoginTests" name="negativeLoginTests" time="3.575"/>
  <testcase classname="endToEndTests.NegativeLoginTests" name="negativeLoginTests" time="3.432"/>
  <testcase classname="endToEndTests.TaskCreationTest" name="taskCreationTest" time="29.544"/>
  <testcase classname="endToEndTests.NegativeLoginTests" name="negativeLoginTests" time="0.392"/>
  <testcase classname="endToEndTests.AddNewUserTest" name="addNewUserTest" time="15.97">
    <failure type="org.openqa.selenium.TimeoutException" message="Supplied function might have stalled
Build info: version: &amp;apos;4.0.0-alpha-6&amp;apos;, revision: &amp;apos;5f43a29cfc&amp;apos;
System info: host: &amp;apos;LAPTOP-FAP6QC75&amp;apos;, ip: &amp;apos;192.168.99.1&amp;apos;, os.name: &amp;apos;Windows 10&amp;apos;, os.arch: &amp;apos;amd64&amp;apos;, os.version: &amp;apos;10.0&amp;apos;, java.version: &amp;apos;11.0.7&amp;apos;
Driver info: driver.version: unknown">
      <![CDATA[org.openqa.selenium.TimeoutException: Supplied function might have stalled
Build info: version: '4.0.0-alpha-6', revision: '5f43a29cfc'
System info: host: 'LAPTOP-FAP6QC75', ip: '192.168.99.1', os.name: 'Windows 10', os.arch: 'amd64', os.version: '10.0', java.version: '11.0.7'
Driver info: driver.version: unknown
at org.openqa.selenium.support.ui.FluentWait.until(FluentWait.java:221)
at reusableComponents.EngineAction.waitForElementToBeVisibile(EngineAction.java:299)
at reusableComponents.EngineAction.selectCheckboxByProvidedBooleanValue(EngineAction.java:57)
at pageObjects.AddUserPageObjects.addNewUser(AddUserPageObjects.java:23)
at endToEndTests.AddNewUserTest.addNewUserTest(AddNewUserTest.java:25)
at java.base/java.util.concurrent.ThreadPoolExecutor.runWorker(ThreadPoolExecutor.java:1128)
at java.base/java.util.concurrent.ThreadPoolExecutor$Worker.run(ThreadPoolExecutor.java:628)
at java.base/java.lang.Thread.run(Thread.java:834)
Caused by: java.util.concurrent.TimeoutException
at java.base/java.util.concurrent.CompletableFuture.timedGet(CompletableFuture.java:1886)
at java.base/java.util.concurrent.CompletableFuture.get(CompletableFuture.java:2021)
at org.openqa.selenium.support.ui.FluentWait.until(FluentWait.java:208)
... 19 more
... Removed 12 stack frames]]>
    </failure>
  </testcase> <!-- addNewUserTest -->
  <testcase classname="endToEndTests.NegativeLoginTests" name="negativeLoginTests" time="0.698"/>
  <testcase classname="endToEndTests.TaskCreationTest" name="taskCreationTest" time="8.09"/>
  <testcase classname="endToEndTests.AddNewUserTest" name="addNewUserTest" time="4.696"/>
  <testcase classname="endToEndTests.AddNewUserTest" name="addNewUserTest" time="6.987"/>
  <testcase classname="endToEndTests.AddNewUserTest" name="addNewUserTest" time="4.17"/>
</testsuite> <!-- AllTests -->
